0 info it worked if it ends with ok
1 verbose cli [ '/usr/local/bin/node', '/usr/local/bin/npm', 'run', 'debug' ]
2 info using npm@3.10.10
3 info using node@v6.10.2
4 verbose run-script [ 'predebug', 'debug', 'postdebug' ]
5 info lifecycle kube-demo2@1.0.0~predebug: kube-demo2@1.0.0
6 silly lifecycle kube-demo2@1.0.0~predebug: no script for predebug, continuing
7 info lifecycle kube-demo2@1.0.0~debug: kube-demo2@1.0.0
8 verbose lifecycle kube-demo2@1.0.0~debug: unsafe-perm in lifecycle true
9 verbose lifecycle kube-demo2@1.0.0~debug: PATH: /usr/local/lib/node_modules/npm/bin/node-gyp-bin:/app/node_modules/.bin:/usr/local/sbin:/usr/local/bin:/usr/sbin:/usr/bin:/sbin:/bin
10 verbose lifecycle kube-demo2@1.0.0~debug: CWD: /app
11 silly lifecycle kube-demo2@1.0.0~debug: Args: [ '-c', 'node --nolazy --debug-brk=5858 server.js' ]
12 silly lifecycle kube-demo2@1.0.0~debug: Returned: code: 1  signal: null
13 info lifecycle kube-demo2@1.0.0~debug: Failed to exec debug script
14 verbose stack Error: kube-demo2@1.0.0 debug: `node --nolazy --debug-brk=5858 server.js`
14 verbose stack Exit status 1
14 verbose stack     at EventEmitter.<anonymous> (/usr/local/lib/node_modules/npm/lib/utils/lifecycle.js:255:16)
14 verbose stack     at emitTwo (events.js:106:13)
14 verbose stack     at EventEmitter.emit (events.js:191:7)
14 verbose stack     at ChildProcess.<anonymous> (/usr/local/lib/node_modules/npm/lib/utils/spawn.js:40:14)
14 verbose stack     at emitTwo (events.js:106:13)
14 verbose stack     at ChildProcess.emit (events.js:191:7)
14 verbose stack     at maybeClose (internal/child_process.js:886:16)
14 verbose stack     at Process.ChildProcess._handle.onexit (internal/child_process.js:226:5)
15 verbose pkgid kube-demo2@1.0.0
16 verbose cwd /app
17 error Linux 4.9.27-moby
18 error argv "/usr/local/bin/node" "/usr/local/bin/npm" "run" "debug"
19 error node v6.10.2
20 error npm  v3.10.10
21 error code ELIFECYCLE
22 error kube-demo2@1.0.0 debug: `node --nolazy --debug-brk=5858 server.js`
22 error Exit status 1
23 error Failed at the kube-demo2@1.0.0 debug script 'node --nolazy --debug-brk=5858 server.js'.
23 error Make sure you have the latest version of node.js and npm installed.
23 error If you do, this is most likely a problem with the kube-demo2 package,
23 error not with npm itself.
23 error Tell the author that this fails on your system:
23 error     node --nolazy --debug-brk=5858 server.js
23 error You can get information on how to open an issue for this project with:
23 error     npm bugs kube-demo2
23 error Or if that isn't available, you can get their info via:
23 error     npm owner ls kube-demo2
23 error There is likely additional logging output above.
24 verbose exit [ 1, true ]
